c:\users\nicolaescu mihaita\desktop\folder nou\snake\snake\x64\debug\vc141.pdb
c:\users\nicolaescu mihaita\desktop\folder nou\snake\snake\x64\debug\vc141.idb
c:\users\nicolaescu mihaita\desktop\folder nou\snake\snake\x64\debug\teren.obj
c:\users\nicolaescu mihaita\desktop\folder nou\snake\snake\x64\debug\sterge.obj
c:\users\nicolaescu mihaita\desktop\folder nou\snake\snake\x64\debug\start.obj
c:\users\nicolaescu mihaita\desktop\folder nou\snake\snake\x64\debug\source.obj
c:\users\nicolaescu mihaita\desktop\folder nou\snake\snake\x64\debug\snake.obj
c:\users\nicolaescu mihaita\desktop\folder nou\snake\snake\x64\debug\scor.obj
c:\users\nicolaescu mihaita\desktop\folder nou\snake\snake\x64\debug\logic_verificare.obj
c:\users\nicolaescu mihaita\desktop\folder nou\snake\snake\x64\debug\logic_gameover.obj
c:\users\nicolaescu mihaita\desktop\folder nou\snake\snake\x64\debug\logic_fruct_normal.obj
c:\users\nicolaescu mihaita\desktop\folder nou\snake\snake\x64\debug\logic_dir_sarpe.obj
c:\users\nicolaescu mihaita\desktop\folder nou\snake\snake\x64\debug\logic_desen_sarpe.obj
c:\users\nicolaescu mihaita\desktop\folder nou\snake\snake\x64\debug\gotoxy.obj
c:\users\nicolaescu mihaita\desktop\folder nou\snake\snake\x64\debug\logic_coada.obj
c:\users\nicolaescu mihaita\desktop\folder nou\snake\snake\x64\debug\meniu.obj
c:\users\nicolaescu mihaita\desktop\folder nou\snake\snake\x64\debug\record.obj
c:\users\nicolaescu mihaita\desktop\folder nou\snake\snake\x64\debug\teren_level1.obj
c:\users\nicolaescu mihaita\desktop\folder nou\snake\snake\x64\debug\snake_level.obj
c:\users\nicolaescu mihaita\desktop\folder nou\snake\snake\x64\debug\snake_level1.obj
c:\users\nicolaescu mihaita\desktop\folder nou\snake\snake\x64\debug\gameover_levele.obj
c:\users\nicolaescu mihaita\desktop\folder nou\snake\snake\x64\debug\check_fructe.obj
c:\users\nicolaescu mihaita\desktop\folder nou\snake\snake\x64\debug\ajutor.obj
c:\users\nicolaescu mihaita\desktop\folder nou\snake\x64\debug\snake.exe
c:\users\nicolaescu mihaita\desktop\folder nou\snake\x64\debug\snake.ilk
c:\users\nicolaescu mihaita\desktop\folder nou\snake\x64\debug\snake.pdb
c:\users\nicolaescu mihaita\desktop\folder nou\snake\snake\x64\debug\snake.tlog\cl.command.1.tlog
c:\users\nicolaescu mihaita\desktop\folder nou\snake\snake\x64\debug\snake.tlog\cl.read.1.tlog
c:\users\nicolaescu mihaita\desktop\folder nou\snake\snake\x64\debug\snake.tlog\cl.write.1.tlog
c:\users\nicolaescu mihaita\desktop\folder nou\snake\snake\x64\debug\snake.tlog\link.command.1.tlog
c:\users\nicolaescu mihaita\desktop\folder nou\snake\snake\x64\debug\snake.tlog\link.read.1.tlog
c:\users\nicolaescu mihaita\desktop\folder nou\snake\snake\x64\debug\snake.tlog\link.write.1.tlog
